<?xml version="1.0" encoding="UTF-8" ?>
<testsuite errors="0" failures="0" hostname="NAGYOKOS" name="net.jsunit.StandaloneTest" tests="4" time="155.295" timestamp="2012-01-24T18:55:18">
  <properties>
    <property name="application.package.extension" value="war" />
    <property name="project.name" value="ProcessPuzzle" />
    <property name="env.PROCESSOR_IDENTIFIER" value="Intel64 Family 6 Model 23 Stepping 10, GenuineIntel" />
    <property name="description" value="Test JavaScripts on Windows Vista / TomCat server." />
    <property name="application.url" value="http://localhost:8080/ProcessPuzzleUI" />
    <property name="project.configuration.dir" value="Configuration" />
    <property name="fitnesse.projects.dir" value="E:/FitNesse/Projects" />
    <property name="fitnesse.testpage" value="ProcessPuzzleBrowserInterface.DocumentsAndTests" />
    <property name="jsunit.lib" value="e:/DevEnv/Tomcat 7.0/webapps/ProcessPuzzleUI/JavaScript/JsUnit/java/lib" />
    <property name="ant.library.dir" value="E:\DevEnv\eclipse\plugins\org.apache.ant_1.8.2.v20110505-1300\lib" />
    <property name="pmd.reports.dir" value="Build/Reports/PMD" />
    <property name="ant.core.lib" value="E:\DevEnv\eclipse\plugins\org.apache.ant_1.8.2.v20110505-1300\lib\ant.jar" />
    <property name="user.dir" value="E:\GitRepositories\ProcessPuzzleUI\Implementation\Build" />
    <property name="java.vm.version" value="22.0-b10" />
    <property name="env.USERPROFILE" value="C:\Users\zsolt.zsuffa" />
    <property name="application.name" value="ProcessPuzzleUI" />
    <property name="javascript.nocompressed.file.suffix" value="-nc.js " />
    <property name="processpuzzle.commons.application.dir" value="ProcessPuzzleCommons" />
    <property name="project.webtier.root" value="WebTier" />
    <property name="project.production.sources.dir" value="Build/Binaries/Production/Source" />
    <property name="project.domaintier.build.file" value="DomainTier/Build/build.xml" />
    <property name="windows.programfiles.dir" value="c:/Program Files (x86)" />
    <property name="sun.os.patch.level" value="Service Pack 1" />
    <property name="application.distribution.dir" value="ProcessPuzzle" />
    <property name="ant.file.type.javascript.archive" value="file" />
    <property name="java.vm.specification.name" value="Java Virtual Machine Specification" />
    <property name="processpuzzle.litest.application.dir" value="LiTest" />
    <property name="firefox.exe" value="c:/Program Files (x86)/Mozilla Firefox/firefox.exe" />
    <property name="os.name" value="Windows 7" />
    <property name="env.LOCALAPPDATA" value="C:\Users\zsolt.zsuffa\AppData\Local" />
    <property name="env.TMP" value="C:\Users\ZSOLT~1.ZSU\AppData\Local\Temp" />
    <property name="java.util.logging.config.file" value="e:/DevEnv/Tomcat 7.0/webapps/ProcessPuzzleUI/JavaScript/JsUnit/logging.properties" />
    <property name="java.vendor.url.bug" value="http://bugreport.sun.com/bugreport/" />
    <property name="env.ProgramW6432" value="C:\Program Files" />
    <property name="processpuzzle.litest.domaintier.dir" value="LiTest/Implementation/DomainTier" />
    <property name="os.arch" value="amd64" />
    <property name="user.name" value="zsolt.zsuffa" />
    <property name="jsunit.logsDirectory" value="E:\GitRepositories\ProcessPuzzleUI\Implementation\WebTier\Build\Reports\JsUnit" />
    <property name="ant.file.type.component.initializing" value="file" />
    <property name="processpuzzle.browserinterface.application.dir" value="LiTest" />
    <property name="jsunit.base.dir" value="JavaScript/JsUnit" />
    <property name="sun.java.command" value="org.apache.tools.ant.taskdefs.optional.junit.JUnitTestRunner net.jsunit.StandaloneTest filtertrace=true haltOnError=false haltOnFailure=true formatter=org.apache.tools.ant.taskdefs.optional.junit.OutErrSummaryJUnitResultFormatter showoutput=false outputtoformatters=true logfailedtests=true logtestlistenerevents=false formatter=org.apache.tools.ant.taskdefs.optional.junit.XMLJUnitResultFormatter,E:\GitRepositories\ProcessPuzzleUI\Implementation\WebTier\TEST-net.jsunit.StandaloneTest.xml crashfile=E:\GitRepositories\ProcessPuzzleUI\Implementation\WebTier\junitvmwatcher4823050441554298033.properties propsfile=E:\GitRepositories\ProcessPuzzleUI\Implementation\WebTier\junit1047728653695005112.properties" />
    <property name="env.FP_NO_HOST_CHECK" value="NO" />
    <property name="env.ProgramFiles" value="C:\Program Files" />
    <property name="fitnesse.testresults.dir" value="E:/FitNesse/fit-tests" />
    <property name="javascript.archive.file" value="E:\GitRepositories\ProcessPuzzleUI\Implementation\WebTier/Build/Distribution/ProcessPuzzleUI-0.8.0.js" />
    <property name="fitnesse.testresults.file" value="E:/FitNesse/fit-tests/fitnesse-test-results.xml" />
    <property name="processpuzzle.distribution.dir" value="ProcessPuzzleUI" />
    <property name="ant.file.artifact.distribution" value="E:\GitRepositories\BuildPuzzle\Implementation\BuildSnippets\distribute.artifact.build.xml" />
    <property name="ant.file.component.testing" value="E:\GitRepositories\BuildPuzzle\Implementation\BuildSnippets\component.test.build.xml" />
    <property name="env.OS" value="Windows_NT" />
    <property name="env.windir" value="C:\Windows" />
    <property name="component.packaged.file" value="ProcessPuzzleUI-0.8.0.jar" />
    <property name="user.country" value="US" />
    <property name="junit.reports.dir" value="Build/Reports/JUnit" />
    <property name="jsunit.resourceBase" value="e:/DevEnv/Tomcat 7.0/webapps/ProcessPuzzleUI/JavaScript/JsUnit" />
    <property name="appserver.name" value="tomcat" />
    <property name="cobertura.dir" value="e:/DevEnv/cobertura-1.9.4.1" />
    <property name="ipa.build.dir" value="C:/CCViews/cruisecontrol_view/ITKodex/Projects/IPA/Implementation/Build" />
    <property name="env.PROCESSOR_ARCHITECTURE" value="AMD64" />
    <property name="ant.file.type.application.deploy" value="file" />
    <property name="common.production.library.path" value="E:\GitRepositories/ProcessPuzzleCommons/Deployment/ProductionLibraries" />
    <property name="safari.exe" value="c:/Program Files (x86)/Safari/Safari.exe" />
    <property name="component.name" value="ProcessPuzzleUI" />
    <property name="ant.file.type.application.undeploy" value="file" />
    <property name="java.endorsed.dirs" value="C:\Program Files\Java\jre7\lib\endorsed" />
    <property name="env.TEMP" value="C:\Users\ZSOLT~1.ZSU\AppData\Local\Temp" />
    <property name="ant.file.type.distribute.git" value="file" />
    <property name="user.language.format" value="hu" />
    <property name="appserver.dir" value="e:/DevEnv/Tomcat 7.0" />
    <property name="java.vm.specification.version" value="1.7" />
    <property name="application.install.libraries" value="no" />
    <property name="jsunit.reports.dir" value="Build/Reports/JsUnit" />
    <property name="appserver.deploy.dir" value="e:/DevEnv/Tomcat 7.0/webapps" />
    <property name="project.domaintier.root" value="DomainTier" />
    <property name="project.unittests.dir" value="ObjectTests" />
    <property name="jsunit.ignoreUnresponsiveRemoteMachines" value="yes" />
    <property name="ant.file.type.start-stop.tomcat" value="file" />
    <property name="env.PROMPT" value="$P$G" />
    <property name="java.vendor" value="Oracle Corporation" />
    <property name="project.webtier.build.dir" value="WebTier/Build" />
    <property name="processpuzzle.commons.domaintier.dir" value="ProcessPuzzleCommons/Implementation/DomainTier" />
    <property name="project.build.dir" value="Build" />
    <property name="web.project.discriptor.dir" value="WebContent/WEB-INF" />
    <property name="file.separator" value="\" />
    <property name="component.properties.file" value="component.properties" />
    <property name="javascript.compressed.file.suffix" value=".js " />
    <property name="user.variant" value="" />
    <property name="common.application.build.file" value="application.build.xml " />
    <property name="sun.java.launcher" value="SUN_STANDARD" />
    <property name="project.production.library.dir" value="Build/Libraries/Production" />
    <property name="internetexplorer.exe" value="c:/Program Files (x86)/Internet Explorer/iexplore.exe" />
    <property name="cobertura.classes.dir" value="Build/Reports/Cobertura/classes" />
    <property name="ant.home" value="E:\DevEnv\eclipse\plugins\org.apache.ant_1.8.2.v20110505-1300" />
    <property name="junit.reports.html.dir" value="Build/Reports/JUnit/html" />
    <property name="ant.java.version" value="1.7" />
    <property name="java.library.path" value="C:\Program Files\Java\jre7\bin;C:\Windows\Sun\Java\bin;C:\Windows\system32;C:\Windows;C:\Windows\system32;C:\Windows;C:\Windows\System32\Wbem;C:\Windows\System32\WindowsPowerShell\v1.0\;C:\Program Files (x86)\Git\cmd;C:\Program Files (x86)\QuickTime\QTSystem\;." />
    <property name="DSTAMP" value="20120124" />
    <property name="web.project.pages.dir" value="WebContent" />
    <property name="distributed.war.file" value="E:\GitRepositories/ProcessPuzzleCommons/Deployment/Distribution/ProcessPuzzle/ProcessPuzzleUI-0.8.0.war" />
    <property name="sun.arch.data.model" value="64" />
    <property name="basedir" value="E:\GitRepositories\ProcessPuzzleUI\Implementation\WebTier" />
    <property name="ant.file.start-stop.tomcat" value="E:\GitRepositories\BuildPuzzle\Implementation\BuildSnippets\start-stop-tomcat.xml" />
    <property name="application.packaged.file" value="ProcessPuzzleUI-0.8.0.war" />
    <property name="project.test.sources.dir" value="Build/Binaries/Test/Source" />
    <property name="path.separator" value=";" />
    <property name="env.USERDOMAIN" value="NAGYOKOS" />
    <property name="sun.io.unicode.encoding" value="UnicodeLittle" />
    <property name="view.root.path" value="E:\GitRepositories" />
    <property name="TSTAMP" value="1954" />
    <property name="project.test.binary.dir" value="Build/Binaries/Test" />
    <property name="env.SystemDrive" value="C:" />
    <property name="project.production.classes.dir" value="Build/Binaries/Production/Classes" />
    <property name="ipa.domaintier" value="C:/CCViews/cruisecontrol_view/ITKodex/Projects/IPA/Implementation/DomainTier" />
    <property name="env.CommonProgramW6432" value="C:\Program Files\Common Files" />
    <property name="user.language" value="en" />
    <property name="processpuzzle.commons.webtier.dir" value="ProcessPuzzleCommons/Implementation/WebTier" />
    <property name="jsunit.timeoutSeconds" value="240" />
    <property name="eclipse.pdebuild.home" value="/E:/DevEnv/eclipse/plugins/org.eclipse.pde.build_3.7.0.v20110512-1320/./" />
    <property name="appserver.library.dir" value="e:/DevEnv/Tomcat 7.0/lib" />
    <property name="findbugs.root.dir" value="e:/DevEnv/FindBugs-2.0.0" />
    <property name="javasript.packaged.file" value="ProcessPuzzleUI-0.8.0.js" />
    <property name="ant.file.component.analysis" value="E:\GitRepositories\BuildPuzzle\Implementation\BuildSnippets\analyse.build.xml" />
    <property name="env.CommonProgramFiles" value="C:\Program Files\Common Files" />
    <property name="ant.project.invoked-targets" value="all" />
    <property name="distribution.git.available" value="yes" />
    <property name="build.number" value="108" />
    <property name="jsunit.url" value="http://localhost:8080/ProcessPuzzleUI/JavaScript/JsUnit/testRunner.html?testPage=http://localhost:8080/ProcessPuzzleUI/JavaScript/ObjectTests/TestSuite.html" />
    <property name="ant.file.install.library" value="E:\GitRepositories\BuildPuzzle\Implementation\BuildSnippets\install.library.build.xml" />
    <property name="jsunit.port" value="9001" />
    <property name="java.class.version" value="51.0" />
    <property name="cobertura.reports.dir" value="Build/Reports/Cobertura/reports" />
    <property name="ant.file.application.deploy" value="E:\GitRepositories\BuildPuzzle\Implementation\BuildSnippets\deploy.build.xml" />
    <property name="ant.file.type.application.testing" value="file" />
    <property name="project.build.file" value="Build/build.xml" />
    <property name="file.encoding.pkg" value="sun.io" />
    <property name="sun.cpu.endian" value="little" />
    <property name="env.COMPUTERNAME" value="NAGYOKOS" />
    <property name="component.version" value="0.8.0" />
    <property name="env.LOGONSERVER" value="\\NAGYOKOS" />
    <property name="ant.file.type.component.testing" value="file" />
    <property name="jsunit.description" value="Test JavaScripts on Windows Vista / TomCat server." />
    <property name="appserver.host" value="localhost" />
    <property name="ant.file.type.Build Web Tier" value="file" />
    <property name="component.distribution.path" value="E:\GitRepositories/ProcessPuzzleCommons/Deployment/Distribution/ProcessPuzzle" />
    <property name="java.home" value="C:\Program Files\Java\jre7" />
    <property name="ant.file.type.component.packaging" value="file" />
    <property name="ant.project.default-target" value="all" />
    <property name="env.ProgramData" value="C:\ProgramData" />
    <property name="ant.file.type.component.analysis" value="file" />
    <property name="ant.file.type.ProcessPuzzleUI Web Tier" value="file" />
    <property name="application.version" value="0.8.0" />
    <property name="jsunit.closeBrowsersAfterTestRuns" value="true" />
    <property name="env.NUMBER_OF_PROCESSORS" value="2" />
    <property name="ant.file.type.install.library" value="file" />
    <property name="processpuzzle.browserinterface.webtier.dir" value="LiTest/Implementation/WebTier" />
    <property name="web.project.javascript.dir" value="WebContent/JavaScript" />
    <property name="project.domaintier.build.dir" value="DomainTier/Build" />
    <property name="common.webtier.build.file" value="web.tier.build.xml " />
    <property name="ant.file.type.server.availability" value="file" />
    <property name="ant.file.type.distribute.clearcase" value="file" />
    <property name="ant.file.type.component.compiling" value="file" />
    <property name="distribution.clearcase.available" value="no" />
    <property name="sun.management.compiler" value="HotSpot 64-Bit Tiered Compilers" />
    <property name="distribution.base.path" value="E:\GitRepositories/ProcessPuzzleCommons/Deployment/Distribution" />
    <property name="fitnesse.host" value="localhost" />
    <property name="ant.file.application.distribution" value="E:\GitRepositories\BuildPuzzle\Implementation\BuildSnippets\application.distribution.build.xml" />
    <property name="ant.file" value="E:\GitRepositories\BuildPuzzle\Implementation\BuildSnippets\web.tier.build.xml " />
    <property name="env.PUBLIC" value="C:\Users\Public" />
    <property name="jsunit.bin" value="e:/DevEnv/Tomcat 7.0/webapps/ProcessPuzzleUI/JavaScript/JsUnit/java/bin" />
    <property name="cobertura.reports.html.dir" value="Build/Reports/Cobertura/reports/junit-html" />
    <property name="application.deployed.file" value="ProcessPuzzleUI.war" />
    <property name="ant.file.application.packaging" value="E:\GitRepositories\BuildPuzzle\Implementation\BuildSnippets\web.archive.build.xml" />
    <property name="project.development.library.dir" value="Build/Libraries/Development" />
    <property name="processpuzzle.browserinterface.domaintier.dir" value="LiTest/Implementation/DomainTier" />
    <property name="chrome.exe" value="C:/Users/zsolt.zsuffa/AppData/Local/Google/Chrome/Application/chrome.exe" />
    <property name="java.vm.specification.vendor" value="Oracle Corporation" />
    <property name="java.vm.name" value="Java HotSpot(TM) 64-Bit Server VM" />
    <property name="project.acceptancetests.dir" value="AcceptanceTests" />
    <property name="appserver.url" value="http://localhost:8080" />
    <property name="java.io.tmpdir" value="C:\Users\ZSOLT~1.ZSU\AppData\Local\Temp\" />
    <property name="java.vendor.url" value="http://java.oracle.com/" />
    <property name="cobertura.coverage.xml.dir" value="Build/Reports/Cobertura/reports/cobertura-xml" />
    <property name="sun.boot.library.path" value="C:\Program Files\Java\jre7\bin" />
    <property name="project.test.classes.dir" value="Build/Binaries/Test/Classes" />
    <property name="jsunit.testrunner.url" value="http://localhost:8080/ProcessPuzzleUI/JavaScript/JsUnit/testRunner.html" />
    <property name="junit.reports.xml.dir" value="Build/Reports/JUnit/xml" />
    <property name="ant.file.ProcessPuzzleUI - Build" value="E:\GitRepositories\ProcessPuzzleUI\Implementation\Build\build.xml" />
    <property name="common.build.dir" value="BuildPuzzle/Implementation/BuildSnippets" />
    <property name="env.SESSIONNAME" value="Console" />
    <property name="ant.file.ProcessPuzzleUI Web Tier" value="E:\GitRepositories\ProcessPuzzleUI\Implementation\WebTier\Build\build.xml" />
    <property name="ant.file.type.artifact.distribution" value="file" />
    <property name="env.asl.log" value="Destination=file" />
    <property name="java.runtime.name" value="Java(TM) SE Runtime Environment" />
    <property name="ant.project.name" value="Build Web Tier" />
    <property name="logsDirectory" value="E:\GitRepositories\ProcessPuzzleUI\Implementation\WebTier\Build\Reports\JsUnit/xml" />
    <property name="target.dir" value="e:/DevEnv/Tomcat 7.0/webapps/ProcessPuzzleUI" />
    <property name="project.source.dir" value="Source" />
    <property name="env.ComSpec" value="C:\Windows\system32\cmd.exe" />
    <property name="project.webcontent.dir" value="WebContent" />
    <property name="fitnesse.output.dir" value="cruisecontrol_results" />
    <property name="sun.cpu.isalist" value="amd64" />
    <property name="env.ProgramFiles(x86)" value="C:\Program Files (x86)" />
    <property name="env.ALLUSERSPROFILE" value="C:\ProgramData" />
    <property name="browserFileNames" value="c:/Program Files (x86)/Internet Explorer/iexplore.exe, c:/Program Files (x86)/Mozilla Firefox/firefox.exe, C:/Users/zsolt.zsuffa/AppData/Local/Google/Chrome/Application/chrome.exe, c:/Program Files (x86)/Safari/Safari.exe" />
    <property name="user.home" value="C:\Users\zsolt.zsuffa" />
    <property name="web.project.javascript.testsuite.url" value="http://localhost:8080/ProcessPuzzleUI/JavaScript/ObjectTests/TestSuite.html" />
    <property name="url" value="http://localhost:8080/ProcessPuzzleUI/JavaScript/JsUnit/testRunner.html?testPage=http://localhost:8080/ProcessPuzzleUI/JavaScript/ObjectTests/TestSuite.html" />
    <property name="env.PROCESSOR_REVISION" value="170a" />
    <property name="java.specification.name" value="Java Platform API Specification" />
    <property name="fitnesse.root.dir" value="E:/FitNesse" />
    <property name="tomcat.username" value="admin" />
    <property name="appserver.maxwait" value="120" />
    <property name="cobertura.reports.xml.dir" value="Build/Reports/Cobertura/reports/junit-xml" />
    <property name="common.domaintier.build.file" value="domain.tier.build.xml " />
    <property name="ant.file.javascript.testing" value="E:\GitRepositories\BuildPuzzle\Implementation\BuildSnippets\javascript.test.build.xml" />
    <property name="component.package.extension" value="jar" />
    <property name="jsunit.loggingPropertiesFile" value="e:/DevEnv/Tomcat 7.0/webapps/ProcessPuzzleUI/JavaScript/JsUnit/logging.properties" />
    <property name="env.CLASSPATH" value=".;C:\Program Files (x86)\Java\jre6\lib\ext\QTJava.zip" />
    <property name="java.specification.vendor" value="Oracle Corporation" />
    <property name="ant.file.type.application.distribution" value="file" />
    <property name="java.version" value="1.7.0_02" />
    <property name="application.javascript.testsuite" value="JavaScript/ObjectTests/TestSuite.html" />
    <property name="eclipse.pdebuild.templates" value="/E:/DevEnv/eclipse/plugins/org.eclipse.pde.build_3.7.0.v20110512-1320/templates/" />
    <property name="project.library.dir" value="Libraries" />
    <property name="project.pda.root" value="PDA" />
    <property name="env.PSModulePath" value="C:\Windows\system32\WindowsPowerShell\v1.0\Modules\" />
    <property name="common.dependent.library.path" value="E:\GitRepositories/ProcessPuzzleCommons/Deployment" />
    <property name="closeBrowsersAfterTestRuns" value="true" />
    <property name="ant.file.type.ProcessPuzzleUI - Build" value="file" />
    <property name="env.PROCESSOR_LEVEL" value="6" />
    <property name="ant.file.Build Web Tier" value="E:\GitRepositories\BuildPuzzle\Implementation\BuildSnippets\web.tier.build.xml " />
    <property name="appserver.port" value="8080" />
    <property name="line.separator" value="&#xd;&#xa;" />
    <property name="java.specification.version" value="1.7" />
    <property name="java.vm.info" value="mixed mode" />
    <property name="env.ANT_HOME" value="E:\DevEnv\eclipse\plugins\org.apache.ant_1.8.2.v20110505-1300" />
    <property name="env.HOMEDRIVE" value="C:" />
    <property name="ant.file.server.availability" value="E:\GitRepositories\BuildPuzzle\Implementation\BuildSnippets\server.availability.build.xml" />
    <property name="user.country.format" value="HU" />
    <property name="ant.file.component.compiling" value="E:\GitRepositories\BuildPuzzle\Implementation\BuildSnippets\compile.build.xml" />
    <property name="javascript.file.extension" value="js" />
    <property name="sun.boot.class.path" value="C:\Program Files\Java\jre7\lib\resources.jar;C:\Program Files\Java\jre7\lib\rt.jar;C:\Program Files\Java\jre7\lib\sunrsasign.jar;C:\Program Files\Java\jre7\lib\jsse.jar;C:\Program Files\Java\jre7\lib\jce.jar;C:\Program Files\Java\jre7\lib\charsets.jar;C:\Program Files\Java\jre7\classes" />
    <property name="source.file" value="Build/Distribution/ProcessPuzzleUI-0.8.0.war" />
    <property name="ant.file.type.javascript.testing" value="file" />
    <property name="cobertura.coverage.html.dir" value="Build/Reports/Cobertura/reports/cobertura-html" />
    <property name="env.CommonProgramFiles(x86)" value="C:\Program Files (x86)\Common Files" />
    <property name="eclipse.pdebuild.scripts" value="/E:/DevEnv/eclipse/plugins/org.eclipse.pde.build_3.7.0.v20110512-1320/scripts/" />
    <property name="project.webtier.build.file" value="WebTier/Build/build.xml" />
    <property name="env.APPDATA" value="C:\Users\zsolt.zsuffa\AppData\Roaming" />
    <property name="distributed.javascipt.file" value="E:\GitRepositories/ProcessPuzzleCommons/Deployment/Distribution/ProcessPuzzle/ProcessPuzzleUI-0.8.0.js" />
    <property name="cobertura.data.file" value="E:\GitRepositories\ProcessPuzzleUI\Implementation\WebTier/Build/Reports/Cobertura/cobertura.ser" />
    <property name="processpuzzle.litest.webtier.dir" value="LiTest/Implementation/WebTier" />
    <property name="project.binary.dir" value="Build/Binaries" />
    <property name="common.build.path" value="E:\GitRepositories/BuildPuzzle/Implementation/BuildSnippets" />
    <property name="component.distribution.dir" value="ProcessPuzzle" />
    <property name="ant.file.distribute.clearcase" value="E:\GitRepositories\BuildPuzzle\Implementation\BuildSnippets\distribution.clearcase.build.xml" />
    <property name="env.PATHEXT" value=".COM;.EXE;.BAT;.CMD;.VBS;.VBE;.JS;.JSE;.WSF;.WSH;.MSC" />
    <property name="ant.file.application.undeploy" value="E:\GitRepositories\BuildPuzzle\Implementation\BuildSnippets\undeploy.build.xml" />
    <property name="ant.file.distribute.git" value="E:\GitRepositories\BuildPuzzle\Implementation\BuildSnippets\distribution.git.build.xml" />
    <property name="java.awt.printerjob" value="sun.awt.windows.WPrinterJob" />
    <property name="TODAY" value="2012-01-24 19:54:59" />
    <property name="resourceBase" value="e:/DevEnv/Tomcat 7.0/webapps/ProcessPuzzleUI/JavaScript/JsUnit" />
    <property name="target.file" value="e:/DevEnv/Tomcat 7.0/webapps/ProcessPuzzleUI.war" />
    <property name="jsunit.browserFileNames" value="c:/Program Files (x86)/Internet Explorer/iexplore.exe, c:/Program Files (x86)/Mozilla Firefox/firefox.exe, C:/Users/zsolt.zsuffa/AppData/Local/Google/Chrome/Application/chrome.exe, c:/Program Files (x86)/Safari/Safari.exe" />
    <property name="env.SystemRoot" value="C:\Windows" />
    <property name="sun.jnu.encoding" value="Cp1250" />
    <property name="project.distribution.dir" value="Build/Distribution" />
    <property name="fitnesse.port" value="8004" />
    <property name="java.runtime.version" value="1.7.0_02-b13" />
    <property name="project.reports.dir" value="Build/Reports" />
    <property name="user.timezone" value="" />
    <property name="java.ext.dirs" value="C:\Program Files\Java\jre7\lib\ext;C:\Windows\Sun\Java\lib\ext" />
    <property name="fitnesse.log.dir" value="log" />
    <property name="java.class.path" value="e:\DevEnv\Tomcat 7.0\webapps\ProcessPuzzleUI\JavaScript\JsUnit\java\lib\axis_1.4\axis-ant.jar;e:\DevEnv\Tomcat 7.0\webapps\ProcessPuzzleUI\JavaScript\JsUnit\java\lib\axis_1.4\axis.jar;e:\DevEnv\Tomcat 7.0\webapps\ProcessPuzzleUI\JavaScript\JsUnit\java\lib\axis_1.4\jaxrpc.jar;e:\DevEnv\Tomcat 7.0\webapps\ProcessPuzzleUI\JavaScript\JsUnit\java\lib\axis_1.4\log4j-1.2.8.jar;e:\DevEnv\Tomcat 7.0\webapps\ProcessPuzzleUI\JavaScript\JsUnit\java\lib\axis_1.4\saaj.jar;e:\DevEnv\Tomcat 7.0\webapps\ProcessPuzzleUI\JavaScript\JsUnit\java\lib\axis_1.4\wsdl4j-1.5.1.jar;e:\DevEnv\Tomcat 7.0\webapps\ProcessPuzzleUI\JavaScript\JsUnit\java\lib\commons_discovery_0.2\commons-discovery.jar;e:\DevEnv\Tomcat 7.0\webapps\ProcessPuzzleUI\JavaScript\JsUnit\java\lib\commons_httpclient_3.0.1\commons-httpclient-3.0.1.jar;e:\DevEnv\Tomcat 7.0\webapps\ProcessPuzzleUI\JavaScript\JsUnit\java\lib\commons_logging_1.1\commons-logging-1.1.jar;e:\DevEnv\Tomcat 7.0\webapps\ProcessPuzzleUI\JavaScript\JsUnit\java\lib\javax\javax.servlet.jar;e:\DevEnv\Tomcat 7.0\webapps\ProcessPuzzleUI\JavaScript\JsUnit\java\lib\jdom_1.0\jdom.jar;e:\DevEnv\Tomcat 7.0\webapps\ProcessPuzzleUI\JavaScript\JsUnit\java\lib\jetty_5.1.11\org.mortbay.jetty.jar;e:\DevEnv\Tomcat 7.0\webapps\ProcessPuzzleUI\JavaScript\JsUnit\java\lib\jetty_5.1.11\start.jar;e:\DevEnv\Tomcat 7.0\webapps\ProcessPuzzleUI\JavaScript\JsUnit\java\lib\jetty_5.1.11\stop.jar;e:\DevEnv\Tomcat 7.0\webapps\ProcessPuzzleUI\JavaScript\JsUnit\java\lib\junit_4.1\junit.jar;e:\DevEnv\Tomcat 7.0\webapps\ProcessPuzzleUI\JavaScript\JsUnit\java\lib\nekohtml_0.9.5\nekohtml.jar;e:\DevEnv\Tomcat 7.0\webapps\ProcessPuzzleUI\JavaScript\JsUnit\java\lib\webwork_2.2.2\oscore.jar;e:\DevEnv\Tomcat 7.0\webapps\ProcessPuzzleUI\JavaScript\JsUnit\java\lib\webwork_2.2.2\rife-continuations.jar;e:\DevEnv\Tomcat 7.0\webapps\ProcessPuzzleUI\JavaScript\JsUnit\java\lib\webwork_2.2.2\webwork-2.2.2.jar;e:\DevEnv\Tomcat 7.0\webapps\ProcessPuzzleUI\JavaScript\JsUnit\java\lib\xerces_2.8.0\xercesImpl.jar;e:\DevEnv\Tomcat 7.0\webapps\ProcessPuzzleUI\JavaScript\JsUnit\java\lib\xwork_1.1\ognl.jar;e:\DevEnv\Tomcat 7.0\webapps\ProcessPuzzleUI\JavaScript\JsUnit\java\lib\xwork_1.1\xwork-1.1.jar;e:\DevEnv\Tomcat 7.0\webapps\ProcessPuzzleUI\JavaScript\JsUnit\java\bin\jsunit.jar;E:\GitRepositories\ProcessPuzzleUI\Implementation\WebTier;C:\Program Files (x86)\Java\jre6\lib\ext\QTJava.zip;E:\DevEnv\eclipse\plugins\org.apache.ant_1.8.2.v20110505-1300\lib\ant-launcher.jar;E:\DevEnv\eclipse\plugins\org.apache.ant_1.8.2.v20110505-1300\lib\ant.jar;E:\DevEnv\eclipse\plugins\org.apache.ant_1.8.2.v20110505-1300\lib\ant-junit.jar;E:\DevEnv\eclipse\plugins\org.apache.ant_1.8.2.v20110505-1300\lib\ant-junit4.jar" />
    <property name="env.Path" value="C:\Windows\system32;C:\Windows;C:\Windows\System32\Wbem;C:\Windows\System32\WindowsPowerShell\v1.0\;C:\Program Files (x86)\Git\cmd;C:\Program Files (x86)\QuickTime\QTSystem\" />
    <property name="env.USERNAME" value="zsolt.zsuffa" />
    <property name="common.development.library.path" value="E:\GitRepositories/ProcessPuzzleCommons/Deployment/DevelopmentLibraries" />
    <property name="os.version" value="6.1" />
    <property name="env.HOMEPATH" value="\Users\zsolt.zsuffa" />
    <property name="sun.desktop" value="windows" />
    <property name="project.performancetests.dir" value="PerformanceTests" />
    <property name="tomcat.manager.url" value="http://localhost:8001/manager" />
    <property name="java.awt.graphicsenv" value="sun.awt.Win32GraphicsEnvironment" />
    <property name="pmd.root.dir" value="e:/DevEnv/pmd-bin-4.3" />
    <property name="project.integrationtests.dir" value="IntegrationTests" />
    <property name="java.vm.vendor" value="Oracle Corporation" />
    <property name="timeoutSeconds" value="240" />
    <property name="cobertura.consolidated.data.file" value="Build/Reports/Cobertura/consolidated.ser" />
    <property name="fitnesse.xslt.dir" value="E:/FitNesse/xslt" />
    <property name="ant.file.component.initializing" value="E:\GitRepositories\BuildPuzzle\Implementation\BuildSnippets\init.build.xml" />
    <property name="ant.build.javac.source" value="1.6" />
    <property name="cobertura.instrumented.dir" value="Build/Reports/Cobertura/instrumented" />
    <property name="ant.file.application.testing" value="E:\GitRepositories\BuildPuzzle\Implementation\BuildSnippets\application.test.build.xml" />
    <property name="jsunit.remoteMachineURLs" value="http://localhost:8001/" />
    <property name="user.script" value="" />
    <property name="findbugs.reports.dir" value="Build/Reports/FindBugs" />
    <property name="tomcat.password" value="admin" />
    <property name="ant.build.javac.target" value="1.6" />
    <property name="ant.file.javascript.archive" value="E:\GitRepositories\BuildPuzzle\Implementation\BuildSnippets\javascript.archive.build.xml" />
    <property name="port" value="9001" />
    <property name="ant.version" value="Apache Ant(TM) version 1.8.2 compiled on December 20 2010" />
    <property name="ant.file.type.application.packaging" value="file" />
    <property name="file.encoding" value="Cp1250" />
    <property name="distribution.base.dir" value="ProcessPuzzleCommons/Deployment/Distribution" />
    <property name="env.QTJAVA" value="C:\Program Files (x86)\Java\jre6\lib\ext\QTJava.zip" />
    <property name="ant.file.component.packaging" value="E:\GitRepositories\BuildPuzzle\Implementation\BuildSnippets\java.archive.build.xml" />
    <property name="project.production.binary.dir" value="Build/Binaries/Production" />
    <property name="awt.toolkit" value="sun.awt.windows.WToolkit" />
    <property name="cobertura.base.dir" value="Build/Reports/Cobertura" />
    <property name="project.root" value="E:\GitRepositories\ProcessPuzzleUI\Implementation\WebTier" />
  </properties>
  <testcase classname="net.jsunit.StandaloneTest" name="C:/Users/zsolt.zsuffa/AppData/Local/Google/Chrome/Application/chrome.exe" time="26.368" />
  <testcase classname="net.jsunit.StandaloneTest" name="c:/Program Files (x86)/Internet Explorer/iexplore.exe" time="62.442" />
  <testcase classname="net.jsunit.StandaloneTest" name="c:/Program Files (x86)/Mozilla Firefox/firefox.exe" time="24.153" />
  <testcase classname="net.jsunit.StandaloneTest" name="c:/Program Files (x86)/Safari/Safari.exe" time="42.173" />
  <system-out><![CDATA[- Could not find webwork.properties
- Checking Resource aliases
- Version Jetty/5.1.11RC0
- Started org.mortbay.jetty.servlet.ServletHandler@12b3519c
- Started ServletHttpContext[/jsunit,/jsunit]
- Started SocketListener on 0.0.0.0:9001
- Started org.mortbay.jetty.Server@13653d7a
- Could not load portlet-api, disabling webwork's portlet support.
- Stopping Acceptor ServerSocket[addr=0.0.0.0/0.0.0.0,port=0,localport=9001]
- Stopped SocketListener on 0.0.0.0:9001
- Stopped org.mortbay.jetty.servlet.ServletHandler@12b3519c
- Stopped ServletHttpContext[/jsunit,/jsunit]
- Stopped org.mortbay.jetty.Server@13653d7a
- Version Jetty/5.1.11RC0
- Started org.mortbay.jetty.servlet.ServletHandler@615d5d35
- Started ServletHttpContext[/jsunit,/jsunit]
- Started SocketListener on 0.0.0.0:9001
- Started org.mortbay.jetty.Server@21cacaa7
- Stopping Acceptor ServerSocket[addr=0.0.0.0/0.0.0.0,port=0,localport=9001]
- Stopped SocketListener on 0.0.0.0:9001
- Stopped org.mortbay.jetty.servlet.ServletHandler@615d5d35
- Stopped ServletHttpContext[/jsunit,/jsunit]
- Stopped org.mortbay.jetty.Server@21cacaa7
- Version Jetty/5.1.11RC0
- Started org.mortbay.jetty.servlet.ServletHandler@4f9a2df9
- Started ServletHttpContext[/jsunit,/jsunit]
- Started SocketListener on 0.0.0.0:9001
- Started org.mortbay.jetty.Server@67c9c73
- Stopping Acceptor ServerSocket[addr=0.0.0.0/0.0.0.0,port=0,localport=9001]
- Stopped SocketListener on 0.0.0.0:9001
- Stopped org.mortbay.jetty.servlet.ServletHandler@4f9a2df9
- Stopped ServletHttpContext[/jsunit,/jsunit]
- Stopped org.mortbay.jetty.Server@67c9c73
- Version Jetty/5.1.11RC0
- Started org.mortbay.jetty.servlet.ServletHandler@6bf7137
- Started ServletHttpContext[/jsunit,/jsunit]
- Started SocketListener on 0.0.0.0:9001
- Started org.mortbay.jetty.Server@58101afe
- Stopping Acceptor ServerSocket[addr=0.0.0.0/0.0.0.0,port=0,localport=9001]
- Stopped SocketListener on 0.0.0.0:9001
- Stopped org.mortbay.jetty.servlet.ServletHandler@6bf7137
- Stopped ServletHttpContext[/jsunit,/jsunit]
- Stopped org.mortbay.jetty.Server@58101afe
]]></system-out>
  <system-err><![CDATA[2012.01.24. 19:55:18: Starting Server Server with configuration:
<configuration type="SERVER">
  <os>Windows 7 - amd64</os>
  <ipAddress>172.26.183.5</ipAddress>
  <hostname>172.26.183.5</hostname>
  <browserFileNames>
    <browserFileName id="0">C:/Users/zsolt.zsuffa/AppData/Local/Google/Chrome/Application/chrome.exe</browserFileName>
  </browserFileNames>
  <closeBrowsersAfterTestRuns>true</closeBrowsersAfterTestRuns>
  <description>Test JavaScripts on Windows Vista / TomCat server.</description>
  <ignoreUnresponsiveRemoteMachines>false</ignoreUnresponsiveRemoteMachines>
  <logsDirectory>E:\GitRepositories\ProcessPuzzleUI\Implementation\WebTier\Build\Reports\JsUnit\xml</logsDirectory>
  <port>9001</port>
  <remoteMachineURLs />
  <resourceBase>e:\DevEnv\Tomcat 7.0\webapps\ProcessPuzzleUI\JavaScript\JsUnit</resourceBase>
  <timeoutSeconds>240</timeoutSeconds>
  <url>http://localhost:8080/ProcessPuzzleUI/JavaScript/JsUnit/testRunner.html?testPage=http://localhost:8080/ProcessPuzzleUI/JavaScript/ObjectTests/TestSuite.html</url>
</configuration>
2012.01.24. 19:55:18: Starting Test Run
2012.01.24. 19:55:18: Launching C:/Users/zsolt.zsuffa/AppData/Local/Google/Chrome/Application/chrome.exe on http://localhost:8080/ProcessPuzzleUI/JavaScript/JsUnit/testRunner.html?testPage=http://localhost:8080/ProcessPuzzleUI/JavaScript/ObjectTests/TestSuite.html&autoRun=true&browserId=0&submitResults=localhost:9001/jsunit/acceptor
2012.01.24. 19:55:18: Waiting for C:/Users/zsolt.zsuffa/AppData/Local/Google/Chrome/Application/chrome.exe to submit result
2012.01.24. 19:55:43: Received submission from browser C:/Users/zsolt.zsuffa/AppData/Local/Google/Chrome/Application/chrome.exe
2012.01.24. 19:55:43: Failed to write result XML response to browser: EOFException(EOFException(java.net.SocketException: Connection reset by peer: socket write error))
2012.01.24. 19:55:44: Test Run Completed
2012.01.24. 19:55:44: Stopping JsUnit Server
2012.01.24. 19:55:44: Starting Server Server with configuration:
<configuration type="SERVER">
  <os>Windows 7 - amd64</os>
  <ipAddress>172.26.183.5</ipAddress>
  <hostname>172.26.183.5</hostname>
  <browserFileNames>
    <browserFileName id="0">c:/Program Files (x86)/Internet Explorer/iexplore.exe</browserFileName>
  </browserFileNames>
  <closeBrowsersAfterTestRuns>true</closeBrowsersAfterTestRuns>
  <description>Test JavaScripts on Windows Vista / TomCat server.</description>
  <ignoreUnresponsiveRemoteMachines>false</ignoreUnresponsiveRemoteMachines>
  <logsDirectory>E:\GitRepositories\ProcessPuzzleUI\Implementation\WebTier\Build\Reports\JsUnit\xml</logsDirectory>
  <port>9001</port>
  <remoteMachineURLs />
  <resourceBase>e:\DevEnv\Tomcat 7.0\webapps\ProcessPuzzleUI\JavaScript\JsUnit</resourceBase>
  <timeoutSeconds>240</timeoutSeconds>
  <url>http://localhost:8080/ProcessPuzzleUI/JavaScript/JsUnit/testRunner.html?testPage=http://localhost:8080/ProcessPuzzleUI/JavaScript/ObjectTests/TestSuite.html</url>
</configuration>
2012.01.24. 19:55:44: Starting Test Run
2012.01.24. 19:55:44: Launching Internet Explorer on http://localhost:8080/ProcessPuzzleUI/JavaScript/JsUnit/testRunner.html?testPage=http://localhost:8080/ProcessPuzzleUI/JavaScript/ObjectTests/TestSuite.html&autoRun=true&browserId=0&submitResults=localhost:9001/jsunit/acceptor
2012.01.24. 19:55:44: Waiting for Internet Explorer to submit result
2012.01.24. 19:56:46: Received submission from browser Internet Explorer
2012.01.24. 19:56:46: Failed to write result XML response to browser: java.net.SocketException: Connection reset by peer: socket write error
2012.01.24. 19:56:46: Test Run Completed
2012.01.24. 19:56:46: Stopping JsUnit Server
2012.01.24. 19:56:46: Starting Server Server with configuration:
<configuration type="SERVER">
  <os>Windows 7 - amd64</os>
  <ipAddress>172.26.183.5</ipAddress>
  <hostname>172.26.183.5</hostname>
  <browserFileNames>
    <browserFileName id="0">c:/Program Files (x86)/Mozilla Firefox/firefox.exe</browserFileName>
  </browserFileNames>
  <closeBrowsersAfterTestRuns>true</closeBrowsersAfterTestRuns>
  <description>Test JavaScripts on Windows Vista / TomCat server.</description>
  <ignoreUnresponsiveRemoteMachines>false</ignoreUnresponsiveRemoteMachines>
  <logsDirectory>E:\GitRepositories\ProcessPuzzleUI\Implementation\WebTier\Build\Reports\JsUnit\xml</logsDirectory>
  <port>9001</port>
  <remoteMachineURLs />
  <resourceBase>e:\DevEnv\Tomcat 7.0\webapps\ProcessPuzzleUI\JavaScript\JsUnit</resourceBase>
  <timeoutSeconds>240</timeoutSeconds>
  <url>http://localhost:8080/ProcessPuzzleUI/JavaScript/JsUnit/testRunner.html?testPage=http://localhost:8080/ProcessPuzzleUI/JavaScript/ObjectTests/TestSuite.html</url>
</configuration>
2012.01.24. 19:56:46: Starting Test Run
2012.01.24. 19:56:46: Launching Firefox on http://localhost:8080/ProcessPuzzleUI/JavaScript/JsUnit/testRunner.html?testPage=http://localhost:8080/ProcessPuzzleUI/JavaScript/ObjectTests/TestSuite.html&autoRun=true&browserId=0&submitResults=localhost:9001/jsunit/acceptor
2012.01.24. 19:56:46: Waiting for Firefox to submit result
2012.01.24. 19:57:09: Received submission from browser Firefox
2012.01.24. 19:57:10: Failed to write result XML response to browser: EOFException(EOFException(java.net.SocketException: Connection reset by peer: socket write error))
2012.01.24. 19:57:10: Test Run Completed
2012.01.24. 19:57:10: Stopping JsUnit Server
2012.01.24. 19:57:11: Starting Server Server with configuration:
<configuration type="SERVER">
  <os>Windows 7 - amd64</os>
  <ipAddress>172.26.183.5</ipAddress>
  <hostname>172.26.183.5</hostname>
  <browserFileNames>
    <browserFileName id="0">c:/Program Files (x86)/Safari/Safari.exe</browserFileName>
  </browserFileNames>
  <closeBrowsersAfterTestRuns>true</closeBrowsersAfterTestRuns>
  <description>Test JavaScripts on Windows Vista / TomCat server.</description>
  <ignoreUnresponsiveRemoteMachines>false</ignoreUnresponsiveRemoteMachines>
  <logsDirectory>E:\GitRepositories\ProcessPuzzleUI\Implementation\WebTier\Build\Reports\JsUnit\xml</logsDirectory>
  <port>9001</port>
  <remoteMachineURLs />
  <resourceBase>e:\DevEnv\Tomcat 7.0\webapps\ProcessPuzzleUI\JavaScript\JsUnit</resourceBase>
  <timeoutSeconds>240</timeoutSeconds>
  <url>http://localhost:8080/ProcessPuzzleUI/JavaScript/JsUnit/testRunner.html?testPage=http://localhost:8080/ProcessPuzzleUI/JavaScript/ObjectTests/TestSuite.html</url>
</configuration>
2012.01.24. 19:57:11: Starting Test Run
2012.01.24. 19:57:11: Launching Safari on http://localhost:8080/ProcessPuzzleUI/JavaScript/JsUnit/testRunner.html?testPage=http://localhost:8080/ProcessPuzzleUI/JavaScript/ObjectTests/TestSuite.html&autoRun=true&browserId=0&submitResults=localhost:9001/jsunit/acceptor
2012.01.24. 19:57:11: Waiting for Safari to submit result
2012.01.24. 19:57:52: Received submission from browser Safari
2012.01.24. 19:57:52: Failed to write result XML response to browser: java.net.SocketException: Connection reset by peer: socket write error
2012.01.24. 19:57:53: Test Run Completed
2012.01.24. 19:57:53: Stopping JsUnit Server
]]></system-err>
</testsuite>
